<?xml version="1.0" encoding="UTF-8"?>
<!-- Generated by org.testng.reporters.JUnitReportReporter -->
<testsuite hostname="SAM-LAPTOP-VQC4550F" failures="0" tests="1" name="misc_operations.Misc" time="2.310" errors="0" timestamp="2022-11-26T21:59:26 IST" skipped="0">
  <testcase classname="misc_operations.Misc" name="validate_xml_Namespace" time="2.310"/>
  <system-out/>
</testsuite> <!-- misc_operations.Misc -->
