<?xml version="1.0" encoding="UTF-8"?>
<!-- Generated by org.testng.reporters.JUnitReportReporter -->
<testsuite hostname="SAM-LAPTOP-VQC4550F" failures="0" tests="1" name="auth.Auth" time="4.605" errors="0" timestamp="2022-11-28T16:22:22 IST" skipped="0">
  <testcase classname="auth.Auth" name="paypal_test" time="4.605"/>
  <system-out/>
</testsuite> <!-- auth.Auth -->
