<?xml version="1.0" encoding="UTF-8"?>
<!-- Generated by org.testng.reporters.JUnitReportReporter -->
<testsuite hostname="SAM-LAPTOP-VQC4550F" failures="0" tests="1" name="request_parameters.request_parameters" time="4.679" errors="0" timestamp="2022-11-08T07:56:47 IST" skipped="0">
  <testcase classname="request_parameters.request_parameters" name="handling_path_parameter" time="4.679"/>
  <system-out/>
</testsuite> <!-- request_parameters.request_parameters -->
