<?xml version="1.0" encoding="UTF-8"?>
<!-- Generated by org.testng.reporters.JUnitReportReporter -->
<testsuite hostname="SAM-LAPTOP-VQC4550F" failures="0" tests="1" name="auth.Auth" time="8.441" errors="0" timestamp="2022-11-20T13:27:37 IST" skipped="0">
  <testcase classname="auth.Auth" name="paypal_test" time="8.441"/>
  <system-out/>
</testsuite> <!-- auth.Auth -->
