<?xml version="1.0" encoding="UTF-8"?>
<!-- Generated by org.testng.reporters.JUnitReportReporter -->
<testsuite hostname="SAM-LAPTOP-VQC4550F" failures="0" tests="1" name="getting_started.basic_get_request" time="3.771" errors="0" timestamp="2022-11-03T08:17:07 IST" skipped="0">
  <testcase classname="getting_started.basic_get_request" name="validate_status_line" time="3.771"/>
  <system-out/>
</testsuite> <!-- getting_started.basic_get_request -->
