<?xml version="1.0" encoding="UTF-8"?>
<!-- Generated by org.testng.reporters.JUnitReportReporter -->
<testsuite hostname="SAM-LAPTOP-VQC4550F" failures="0" tests="1" name="HeadersNCookies.Headers_And_Cookies" time="2.393" errors="0" timestamp="2022-11-11T09:04:05 IST" skipped="0">
  <testcase classname="HeadersNCookies.Headers_And_Cookies" name="sending_request_cookies_builder" time="2.393"/>
  <system-out/>
</testsuite> <!-- HeadersNCookies.Headers_And_Cookies -->
