<?xml version="1.0" encoding="UTF-8"?>
<!-- Generated by org.testng.reporters.JUnitReportReporter -->
<testsuite hostname="SAM-LAPTOP-VQC4550F" failures="0" tests="1" name="post_put_delete.post_put_delete" time="5.982" errors="0" timestamp="2022-11-04T09:08:01 IST" skipped="0">
  <testcase classname="post_put_delete.post_put_delete" name="delete_request" time="5.982"/>
  <system-out/>
</testsuite> <!-- post_put_delete.post_put_delete -->
