<?xml version="1.0" encoding="UTF-8"?>
<!-- Generated by org.testng.reporters.JUnitReportReporter -->
<testsuite hostname="SAM-LAPTOP-VQC4550F" failures="0" tests="1" name="request_parameters.request_parameters" time="2.262" errors="0" timestamp="2022-11-11T08:21:07 IST" skipped="0">
  <testcase classname="request_parameters.request_parameters" name="handling_multiple_params" time="2.262"/>
  <system-out/>
</testsuite> <!-- request_parameters.request_parameters -->
