<?xml version="1.0" encoding="UTF-8"?>
<!-- Generated by org.testng.reporters.JUnitReportReporter -->
<testsuite hostname="SAM-LAPTOP-VQC4550F" failures="0" tests="1" name="HeadersNCookies.Headers_And_Cookies" time="4.324" errors="0" timestamp="2022-11-19T17:25:01 IST" skipped="0">
  <testcase classname="HeadersNCookies.Headers_And_Cookies" name="extract_response_cookies2" time="4.324"/>
  <system-out/>
</testsuite> <!-- HeadersNCookies.Headers_And_Cookies -->
