<?xml version="1.0" encoding="UTF-8"?>
<!-- Generated by org.testng.reporters.JUnitReportReporter -->
<testsuite hostname="SAM-LAPTOP-VQC4550F" failures="0" tests="1" name="Logging_scenarios.Rest_Logging" time="2.569" errors="0" timestamp="2022-11-06T19:20:15 IST" skipped="0">
  <testcase classname="Logging_scenarios.Rest_Logging" name="log_if_validation_fails" time="2.569"/>
  <system-out/>
</testsuite> <!-- Logging_scenarios.Rest_Logging -->
