<?xml version="1.0" encoding="UTF-8"?>
<!-- Generated by org.testng.reporters.JUnitReportReporter -->
<testsuite hostname="SAM-LAPTOP-VQC4550F" failures="0" tests="4" name="DynamicJson.DynamicJson" time="7.201" errors="0" timestamp="2022-03-08T11:42:31 IST" skipped="0">
  <testcase classname="DynamicJson.DynamicJson" name="addUser" time="5.269"/>
  <system-out/>
  <testcase classname="DynamicJson.DynamicJson" name="addUser" time="0.658"/>
  <system-out/>
  <testcase classname="DynamicJson.DynamicJson" name="addUser" time="0.662"/>
  <system-out/>
  <testcase classname="DynamicJson.DynamicJson" name="addUser" time="0.612"/>
  <system-out/>
</testsuite> <!-- DynamicJson.DynamicJson -->
