<?xml version="1.0" encoding="UTF-8"?>
<!-- Generated by org.testng.reporters.JUnitReportReporter -->
<testsuite hostname="SAM-LAPTOP-VQC4550F" failures="0" tests="1" name="JIRA_API.JiraTest" time="4.031" errors="0" timestamp="2022-03-30T07:05:08 IST" skipped="0">
  <testcase classname="JIRA_API.JiraTest" name="validateissuecreation" time="4.031"/>
  <system-out/>
</testsuite> <!-- JIRA_API.JiraTest -->
