<?xml version="1.0" encoding="UTF-8"?>
<!-- Generated by org.testng.reporters.JUnitReportReporter -->
<testsuite hostname="SAM-LAPTOP-VQC4550F" failures="0" tests="1" name="DynamicJson.DynamicJsonStatticPayload" time="4.184" errors="0" timestamp="2022-03-08T12:55:13 IST" skipped="0">
  <testcase classname="DynamicJson.DynamicJsonStatticPayload" name="addUserwithStaticPayload" time="4.184"/>
  <system-out/>
</testsuite> <!-- DynamicJson.DynamicJsonStatticPayload -->
